Arguments: 
  C:\Program Files\nodejs\node.exe C:\Users\bgsou\AppData\Roaming\npm\node_modules\yarn\bin\yarn.js add express@4.14.0 mongoose@4.7.0 body-parser@1.15.2 lodash@4.17.4 moongose-paginate@5.0.3 @express-query-int@1.0.1 node-restful@0.2.5 pm2@2.1.5

PATH: 
  C:\cmder\bin;C:\cmder\vendor\bin;C:\cmder\vendor\conemu-maximus5\ConEmu\Scripts;C:\cmder\vendor\conemu-maximus5;C:\cmder\vendor\conemu-maximus5\ConEmu;C:\Program Files (x86)\Common Files\Oracle\Java\javapath;C:\Python27\;C:\Python27\Scripts;C:\Windows\system32;C:\Windows;C:\Windows\System32\Wbem;C:\Windows\System32\WindowsPowerShell\v1.0\;C:\Windows\System32\OpenSSH\;C:\Program Files\Git\cmd;C:\ProgramData\chocolatey\bin;C:\Program Files\nodejs\;C:\Program Files\Java\jdk1.8.0_211\bin;C:\Android\SDK\platform-tools;%ANDROID_HOME%\platform-tools;%ANDROID_HOME%\tools;C:\Users\bgsou\AppData\Local\Microsoft\WindowsApps;C:\Users\bgsou\AppData\Local\Programs\Microsoft VS Code\bin;C:\Users\bgsou\AppData\Roaming\npm;C:\Program Files\heroku\bin;C:\Program Files\Git\cmd;C:\Program Files\Git\mingw64\bin;C:\Program Files\Git\usr\bin;C:\cmder

Yarn version: 
  1.16.0

Node version: 
  12.6.0

Platform: 
  win32 x64

Trace: 
  Error: https://registry.yarnpkg.com/moongose-paginate: Not found
      at Request.params.callback [as _callback] (C:\Users\bgsou\AppData\Roaming\npm\node_modules\yarn\lib\cli.js:66091:18)
      at Request.self.callback (C:\Users\bgsou\AppData\Roaming\npm\node_modules\yarn\lib\cli.js:129590:22)
      at Request.emit (events.js:203:13)
      at Request.<anonymous> (C:\Users\bgsou\AppData\Roaming\npm\node_modules\yarn\lib\cli.js:130562:10)
      at Request.emit (events.js:203:13)
      at IncomingMessage.<anonymous> (C:\Users\bgsou\AppData\Roaming\npm\node_modules\yarn\lib\cli.js:130484:12)
      at Object.onceWrapper (events.js:291:20)
      at IncomingMessage.emit (events.js:208:15)
      at endReadableNT (_stream_readable.js:1154:12)
      at processTicksAndRejections (internal/process/task_queues.js:77:11)

npm manifest: 
  No manifest

yarn manifest: 
  No manifest

Lockfile: 
  No lockfile
